Trianning
The summary is stored in ../data/summary/DRNet_0.001_0_1_20_20
Train_epoch_0: learning_rate= 0.001
epoch 0, [0/34], loss (tensor([8.7637], device='cuda:0'),tensor([0.0003], device='cuda:0')), PSNR inf, SSIM 1.0,
Warning: NaN or Inf found in input tensor.
epoch 0, [10/34], loss (tensor([4.6165], device='cuda:0'),tensor([8.2591e-05], device='cuda:0')), PSNR inf, SSIM 1.0,
Warning: NaN or Inf found in input tensor.
epoch 0, [20/34], loss (tensor([3.2151], device='cuda:0'),tensor([0.0002], device='cuda:0')), PSNR inf, SSIM 1.0,
Warning: NaN or Inf found in input tensor.
epoch 0, [30/34], loss (tensor([6.2746], device='cuda:0'),tensor([0.0002], device='cuda:0')), PSNR 67.12172687518881, SSIM 0.9991445468368861,
Train_epoch_0 : G_Loss= 5.16123; D_Loss= 0.00029; SSIM= 0.99914; PSNR= 67.12173
Train_epoch_1: learning_rate= 0.001
epoch 1, [0/34], loss (tensor([3.6645], device='cuda:0'),tensor([0.0007], device='cuda:0')), PSNR inf, SSIM 1.0,
Warning: NaN or Inf found in input tensor.
epoch 1, [10/34], loss (tensor([6.0239], device='cuda:0'),tensor([0.0002], device='cuda:0')), PSNR 80.36455142816573, SSIM 0.9999763176946915,
epoch 1, [20/34], loss (tensor([4.8089], device='cuda:0'),tensor([0.0002], device='cuda:0')), PSNR inf, SSIM 1.0,
Warning: NaN or Inf found in input tensor.
epoch 1, [30/34], loss (tensor([4.5401], device='cuda:0'),tensor([8.8708e-05], device='cuda:0')), PSNR 67.50148403973299, SSIM 0.9991699970081515,
Train_epoch_1 : G_Loss= 4.03971; D_Loss= 0.00017; SSIM= 0.99917; PSNR= 67.50148
Not Implement Error.
Train_epoch_2: learning_rate= 0.001
epoch 2, [0/34], loss (tensor([2.3832], device='cuda:0'),tensor([3.2732e-05], device='cuda:0')), PSNR 56.17215552066919, SSIM 0.9808476102332204,
epoch 2, [10/34], loss (tensor([3.9752], device='cuda:0'),tensor([0.0004], device='cuda:0')), PSNR 66.24274695029926, SSIM 0.9988725014116723,
epoch 2, [20/34], loss (tensor([3.0584], device='cuda:0'),tensor([6.9172e-05], device='cuda:0')), PSNR 70.12517135318484, SSIM 0.9997831350453229,
epoch 2, [30/34], loss (tensor([2.4803], device='cuda:0'),tensor([3.4269e-05], device='cuda:0')), PSNR 53.92312092306654, SSIM 0.9692126433311713,
Train_epoch_2 : G_Loss= 3.32968; D_Loss= 0.00018; SSIM= 0.96921; PSNR= 53.92312
Not Implement Error.
Train_epoch_3: learning_rate= 0.001
epoch 3, [0/34], loss (tensor([2.5201], device='cuda:0'),tensor([0.0006], device='cuda:0')), PSNR 71.75119903931632, SSIM 0.9998138667428736,
epoch 3, [10/34], loss (tensor([3.1950], device='cuda:0'),tensor([0.0005], device='cuda:0')), PSNR 55.227049927347494, SSIM 0.9763300584181335,
epoch 3, [20/34], loss (tensor([2.2334], device='cuda:0'),tensor([0.0010], device='cuda:0')), PSNR 70.40819948219023, SSIM 0.9996992692552945,
epoch 3, [30/34], loss (tensor([2.8360], device='cuda:0'),tensor([0.0004], device='cuda:0')), PSNR 64.31869127438887, SSIM 0.997674077322874,
Train_epoch_3 : G_Loss= 3.16082; D_Loss= 0.00079; SSIM= 0.99767; PSNR= 64.31869
Not Implement Error.
Train_epoch_4: learning_rate= 0.001
epoch 4, [0/34], loss (tensor([2.7311], device='cuda:0'),tensor([0.0003], device='cuda:0')), PSNR 73.43314682141279, SSIM 0.9999267692470376,
epoch 4, [10/34], loss (tensor([1.8955], device='cuda:0'),tensor([0.0006], device='cuda:0')), PSNR inf, SSIM 1.0,
Warning: NaN or Inf found in input tensor.
epoch 4, [20/34], loss (tensor([1.3266], device='cuda:0'),tensor([0.0007], device='cuda:0')), PSNR 51.90510021172332, SSIM 0.9445285706350924,
epoch 4, [30/34], loss (tensor([3.0618], device='cuda:0'),tensor([0.0003], device='cuda:0')), PSNR 81.33365155824629, SSIM 0.9999796473323096,
Train_epoch_4 : G_Loss= 2.92369; D_Loss= 0.00051; SSIM= 0.99998; PSNR= 81.33365
Not Implement Error.
Train_epoch_5: learning_rate= 0.001
epoch 5, [0/34], loss (tensor([3.0127], device='cuda:0'),tensor([0.0002], device='cuda:0')), PSNR 71.49964417644091, SSIM 0.9998988516171777,
epoch 5, [10/34], loss (tensor([1.6642], device='cuda:0'),tensor([0.0008], device='cuda:0')), PSNR inf, SSIM 1.0,
Warning: NaN or Inf found in input tensor.
epoch 5, [20/34], loss (tensor([2.9183], device='cuda:0'),tensor([0.0005], device='cuda:0')), PSNR inf, SSIM 1.0,
Warning: NaN or Inf found in input tensor.
epoch 5, [30/34], loss (tensor([2.7296], device='cuda:0'),tensor([0.0004], device='cuda:0')), PSNR 81.33365155824629, SSIM 0.9999796473323096,
Train_epoch_5 : G_Loss= 2.73187; D_Loss= 0.00063; SSIM= 0.99998; PSNR= 81.33365
Not Implement Error.
Train_epoch_6: learning_rate= 0.001
epoch 6, [0/34], loss (tensor([2.6758], device='cuda:0'),tensor([0.0005], device='cuda:0')), PSNR inf, SSIM 1.0,
Warning: NaN or Inf found in input tensor.
epoch 6, [10/34], loss (tensor([2.1768], device='cuda:0'),tensor([0.0003], device='cuda:0')), PSNR 92.12546401872254, SSIM 0.9999995924747447,
epoch 6, [20/34], loss (tensor([1.8591], device='cuda:0'),tensor([0.0001], device='cuda:0')), PSNR 95.13576397536235, SSIM 0.9999995745580431,
epoch 6, [30/34], loss (tensor([3.5316], device='cuda:0'),tensor([0.0012], device='cuda:0')), PSNR 59.18962888376137, SSIM 0.9909894847859523,
Train_epoch_6 : G_Loss= 2.52891; D_Loss= 0.00073; SSIM= 0.99099; PSNR= 59.18963
Not Implement Error.
Train_epoch_7: learning_rate= 0.001
epoch 7, [0/34], loss (tensor([1.8368], device='cuda:0'),tensor([0.0007], device='cuda:0')), PSNR inf, SSIM 1.0,
Warning: NaN or Inf found in input tensor.
epoch 7, [10/34], loss (tensor([2.0929], device='cuda:0'),tensor([0.0008], device='cuda:0')), PSNR inf, SSIM 1.0,
Warning: NaN or Inf found in input tensor.
epoch 7, [20/34], loss (tensor([2.9782], device='cuda:0'),tensor([0.0002], device='cuda:0')), PSNR 92.12546401872254, SSIM 0.9999991205422724,
epoch 7, [30/34], loss (tensor([1.6202], device='cuda:0'),tensor([0.0003], device='cuda:0')), PSNR 67.10119281887822, SSIM 0.9991436959529725,
Train_epoch_7 : G_Loss= 2.49747; D_Loss= 0.00040; SSIM= 0.99914; PSNR= 67.10119
Not Implement Error.
Train_epoch_8: learning_rate= 0.001
epoch 8, [0/34], loss (tensor([1.4351], device='cuda:0'),tensor([0.0004], device='cuda:0')), PSNR inf, SSIM 1.0,
Warning: NaN or Inf found in input tensor.
epoch 8, [10/34], loss (tensor([3.2492], device='cuda:0'),tensor([0.0005], device='cuda:0')), PSNR 70.87065136171661, SSIM 0.9995346685607213,
epoch 8, [20/34], loss (tensor([1.6341], device='cuda:0'),tensor([4.4549e-05], device='cuda:0')), PSNR inf, SSIM 1.0,
Warning: NaN or Inf found in input tensor.
epoch 8, [30/34], loss (tensor([2.2450], device='cuda:0'),tensor([0.0003], device='cuda:0')), PSNR 81.33365155824629, SSIM 0.9999796473323096,
Train_epoch_8 : G_Loss= 2.43205; D_Loss= 0.00029; SSIM= 0.99998; PSNR= 81.33365
Not Implement Error.
Train_epoch_9: learning_rate= 0.001
epoch 9, [0/34], loss (tensor([1.4294], device='cuda:0'),tensor([0.0004], device='cuda:0')), PSNR inf, SSIM 1.0,
Warning: NaN or Inf found in input tensor.
epoch 9, [10/34], loss (tensor([2.0103], device='cuda:0'),tensor([0.0005], device='cuda:0')), PSNR inf, SSIM 1.0,
Warning: NaN or Inf found in input tensor.
epoch 9, [20/34], loss (tensor([2.1820], device='cuda:0'),tensor([0.0002], device='cuda:0')), PSNR 81.33365155824629, SSIM 0.9999796473323096,
epoch 9, [30/34], loss (tensor([4.3444], device='cuda:0'),tensor([0.0001], device='cuda:0')), PSNR 71.63328379202073, SSIM 0.9999258271864182,
Train_epoch_9 : G_Loss= 2.35120; D_Loss= 0.00022; SSIM= 0.99993; PSNR= 71.63328
Not Implement Error.
